<?xml version="1.0" encoding="UTF-8"?>
<!-- Generated by org.testng.reporters.JUnitXMLReporter -->
<testsuite ignored="0" hostname="DESKTOP-4MKSC1R" failures="0" tests="4" name="Default test" time="9.545" errors="0" timestamp="2024-08-07T12:48:46 PKT">
  <testcase classname="api.test.UserTests" name="testPostUser" time="3.894"/>
  <testcase classname="api.test.UserTests" name="testGetUserByName" time="1.089"/>
  <testcase classname="api.test.UserTests" name="testUpdateUser" time="2.155"/>
  <testcase classname="api.test.UserTests" name="testDeleteUserByName" time="1.052"/>
</testsuite> <!-- Default test -->
